2025-03-01 22:53:52,727 - __main__ - INFO - ================================================================================
2025-03-01 22:53:52,727 - __main__ - INFO - CAMERA DETECTION DATA GENERATION PROCESS
2025-03-01 22:53:52,727 - __main__ - INFO - ================================================================================
2025-03-01 22:53:52,727 - __main__ - INFO - Configuration:
2025-03-01 22:53:52,727 - __main__ - INFO -   Number of locations: 50
2025-03-01 22:53:52,728 - __main__ - INFO -   Dataset B rows: 10000
2025-03-01 22:53:52,728 - __main__ - INFO -   Number of detectable items: 100
2025-03-01 22:53:52,728 - __main__ - INFO -   Number of detection events: 1000000
2025-03-01 22:53:52,728 - __main__ - INFO -   Rank-changing locations: [10, 20]
2025-03-01 22:53:52,728 - __main__ - INFO -   Data skew location: 42 (factor: 5x)
2025-03-01 22:53:52,728 - __main__ - INFO -   Output directory: /home/laptop-linux-26feb/Desktop/utopia_generate_sample_data/generate_sample_data/output
2025-03-01 22:53:52,728 - __main__ - INFO -   Log file: /home/laptop-linux-26feb/Desktop/utopia_generate_sample_data/generate_sample_data/output/data_generation.log
2025-03-01 22:53:52,728 - __main__ - INFO - Starting data generation process
2025-03-01 22:53:52,728 - __main__ - INFO - Generating Dataset B: Geographical Locations
2025-03-01 22:53:52,774 - __main__ - INFO - Saved 10000 rows to /home/laptop-linux-26feb/Desktop/utopia_generate_sample_data/generate_sample_data/output/geographical_locations.parquet
2025-03-01 22:53:52,775 - __main__ - INFO - Generating Dataset A: Camera Detection Events (without duplicates)
2025-03-01 22:54:30,624 - __main__ - INFO - Calculating rankings (counting duplicates)
2025-03-01 22:54:31,027 - __main__ - INFO - Saved 500 rows to /home/laptop-linux-26feb/Desktop/utopia_generate_sample_data/generate_sample_data/output/pre_duplication_rankings.parquet
2025-03-01 22:54:31,028 - __main__ - INFO - Adding duplications to Dataset A
2025-03-01 22:54:31,064 - __main__ - INFO - Location 1 - Before duplication:
2025-03-01 22:54:31,064 - __main__ - INFO -   Most common: 'person' (7699 occurrences)
2025-03-01 22:54:31,065 - __main__ - INFO -   Second most: 'car' (2762 occurrences)
2025-03-01 22:54:31,065 - __main__ - INFO -   Adding 5 duplicates of 'person' (won't change ranking)
2025-03-01 22:54:31,138 - __main__ - INFO - Location 2 - Before duplication:
2025-03-01 22:54:31,138 - __main__ - INFO -   Most common: 'person' (7701 occurrences)
2025-03-01 22:54:31,138 - __main__ - INFO -   Second most: 'car' (2643 occurrences)
2025-03-01 22:54:31,138 - __main__ - INFO -   Adding 5 duplicates of 'person' (won't change ranking)
2025-03-01 22:54:31,208 - __main__ - INFO - Location 3 - Before duplication:
2025-03-01 22:54:31,209 - __main__ - INFO -   Most common: 'person' (7677 occurrences)
2025-03-01 22:54:31,209 - __main__ - INFO -   Second most: 'car' (2699 occurrences)
2025-03-01 22:54:31,209 - __main__ - INFO -   Adding 13 duplicates of 'person' (won't change ranking)
2025-03-01 22:54:31,281 - __main__ - INFO - Location 4 - Before duplication:
2025-03-01 22:54:31,281 - __main__ - INFO -   Most common: 'person' (7631 occurrences)
2025-03-01 22:54:31,281 - __main__ - INFO -   Second most: 'car' (2750 occurrences)
2025-03-01 22:54:31,282 - __main__ - INFO -   Adding 15 duplicates of 'person' (won't change ranking)
2025-03-01 22:54:31,356 - __main__ - INFO - Location 5 - Before duplication:
2025-03-01 22:54:31,356 - __main__ - INFO -   Most common: 'person' (7630 occurrences)
2025-03-01 22:54:31,356 - __main__ - INFO -   Second most: 'car' (2724 occurrences)
2025-03-01 22:54:31,356 - __main__ - INFO -   Adding 15 duplicates of 'person' (won't change ranking)
2025-03-01 22:54:31,427 - __main__ - INFO - Location 6 - Before duplication:
2025-03-01 22:54:31,427 - __main__ - INFO -   Most common: 'person' (7632 occurrences)
2025-03-01 22:54:31,427 - __main__ - INFO -   Second most: 'car' (2797 occurrences)
2025-03-01 22:54:31,427 - __main__ - INFO -   Adding 10 duplicates of 'person' (won't change ranking)
2025-03-01 22:54:31,500 - __main__ - INFO - Location 7 - Before duplication:
2025-03-01 22:54:31,500 - __main__ - INFO -   Most common: 'person' (7767 occurrences)
2025-03-01 22:54:31,500 - __main__ - INFO -   Second most: 'car' (2693 occurrences)
2025-03-01 22:54:31,500 - __main__ - INFO -   Adding 17 duplicates of 'person' (won't change ranking)
2025-03-01 22:54:31,570 - __main__ - INFO - Location 8 - Before duplication:
2025-03-01 22:54:31,570 - __main__ - INFO -   Most common: 'person' (7504 occurrences)
2025-03-01 22:54:31,570 - __main__ - INFO -   Second most: 'car' (2760 occurrences)
2025-03-01 22:54:31,570 - __main__ - INFO -   Adding 6 duplicates of 'person' (won't change ranking)
2025-03-01 22:54:31,628 - __main__ - INFO - Location 9 - Before duplication:
2025-03-01 22:54:31,629 - __main__ - INFO -   Most common: 'person' (7668 occurrences)
2025-03-01 22:54:31,629 - __main__ - INFO -   Second most: 'car' (2721 occurrences)
2025-03-01 22:54:31,629 - __main__ - INFO -   Adding 7 duplicates of 'person' (won't change ranking)
2025-03-01 22:54:31,694 - __main__ - INFO - Location 10 - Before duplication:
2025-03-01 22:54:31,694 - __main__ - INFO -   Most common: 'person' (7704 occurrences)
2025-03-01 22:54:31,694 - __main__ - INFO -   Second most: 'car' (2655 occurrences)
2025-03-01 22:54:31,694 - __main__ - INFO -   Adding 5149 duplicates of 'car' to make it outrank 'person'
2025-03-01 22:54:33,452 - __main__ - INFO -   After duplication (with duplicates counted):
2025-03-01 22:54:33,452 - __main__ - INFO -     'car': 7804 occurrences
2025-03-01 22:54:33,452 - __main__ - INFO -     'person': 7704 occurrences
2025-03-01 22:54:33,452 - __main__ - INFO -     Top item with duplicates counted: 'car'
2025-03-01 22:54:33,460 - __main__ - INFO - Location 11 - Before duplication:
2025-03-01 22:54:33,460 - __main__ - INFO -   Most common: 'person' (7654 occurrences)
2025-03-01 22:54:33,460 - __main__ - INFO -   Second most: 'car' (2647 occurrences)
2025-03-01 22:54:33,460 - __main__ - INFO -   Adding 6 duplicates of 'person' (won't change ranking)
2025-03-01 22:54:33,536 - __main__ - INFO - Location 12 - Before duplication:
2025-03-01 22:54:33,536 - __main__ - INFO -   Most common: 'person' (7648 occurrences)
2025-03-01 22:54:33,536 - __main__ - INFO -   Second most: 'car' (2732 occurrences)
2025-03-01 22:54:33,536 - __main__ - INFO -   Adding 16 duplicates of 'person' (won't change ranking)
2025-03-01 22:54:33,602 - __main__ - INFO - Location 13 - Before duplication:
2025-03-01 22:54:33,602 - __main__ - INFO -   Most common: 'person' (7634 occurrences)
2025-03-01 22:54:33,603 - __main__ - INFO -   Second most: 'car' (2744 occurrences)
2025-03-01 22:54:33,603 - __main__ - INFO -   Adding 10 duplicates of 'person' (won't change ranking)
2025-03-01 22:54:33,666 - __main__ - INFO - Location 14 - Before duplication:
2025-03-01 22:54:33,666 - __main__ - INFO -   Most common: 'person' (7706 occurrences)
2025-03-01 22:54:33,666 - __main__ - INFO -   Second most: 'car' (2691 occurrences)
2025-03-01 22:54:33,666 - __main__ - INFO -   Adding 7 duplicates of 'person' (won't change ranking)
2025-03-01 22:54:33,731 - __main__ - INFO - Location 15 - Before duplication:
2025-03-01 22:54:33,731 - __main__ - INFO -   Most common: 'person' (7541 occurrences)
2025-03-01 22:54:33,731 - __main__ - INFO -   Second most: 'car' (2741 occurrences)
2025-03-01 22:54:33,731 - __main__ - INFO -   Adding 10 duplicates of 'person' (won't change ranking)
2025-03-01 22:54:33,797 - __main__ - INFO - Location 16 - Before duplication:
2025-03-01 22:54:33,797 - __main__ - INFO -   Most common: 'person' (7700 occurrences)
2025-03-01 22:54:33,797 - __main__ - INFO -   Second most: 'car' (2654 occurrences)
2025-03-01 22:54:33,797 - __main__ - INFO -   Adding 19 duplicates of 'person' (won't change ranking)
2025-03-01 22:54:33,866 - __main__ - INFO - Location 17 - Before duplication:
2025-03-01 22:54:33,866 - __main__ - INFO -   Most common: 'person' (7714 occurrences)
2025-03-01 22:54:33,866 - __main__ - INFO -   Second most: 'car' (2724 occurrences)
2025-03-01 22:54:33,866 - __main__ - INFO -   Adding 17 duplicates of 'person' (won't change ranking)
2025-03-01 22:54:33,934 - __main__ - INFO - Location 18 - Before duplication:
2025-03-01 22:54:33,934 - __main__ - INFO -   Most common: 'person' (7677 occurrences)
2025-03-01 22:54:33,934 - __main__ - INFO -   Second most: 'car' (2678 occurrences)
2025-03-01 22:54:33,934 - __main__ - INFO -   Adding 10 duplicates of 'person' (won't change ranking)
2025-03-01 22:54:33,998 - __main__ - INFO - Location 19 - Before duplication:
2025-03-01 22:54:33,998 - __main__ - INFO -   Most common: 'person' (7724 occurrences)
2025-03-01 22:54:33,998 - __main__ - INFO -   Second most: 'car' (2693 occurrences)
2025-03-01 22:54:33,998 - __main__ - INFO -   Adding 8 duplicates of 'person' (won't change ranking)
2025-03-01 22:54:34,058 - __main__ - INFO - Location 20 - Before duplication:
2025-03-01 22:54:34,058 - __main__ - INFO -   Most common: 'person' (7688 occurrences)
2025-03-01 22:54:34,058 - __main__ - INFO -   Second most: 'car' (2684 occurrences)
2025-03-01 22:54:34,058 - __main__ - INFO -   Adding 5104 duplicates of 'car' to make it outrank 'person'
2025-03-01 22:54:35,779 - __main__ - INFO -   After duplication (with duplicates counted):
2025-03-01 22:54:35,779 - __main__ - INFO -     'car': 7788 occurrences
2025-03-01 22:54:35,779 - __main__ - INFO -     'person': 7688 occurrences
2025-03-01 22:54:35,779 - __main__ - INFO -     Top item with duplicates counted: 'car'
2025-03-01 22:54:35,786 - __main__ - INFO - Location 21 - Before duplication:
2025-03-01 22:54:35,786 - __main__ - INFO -   Most common: 'person' (7773 occurrences)
2025-03-01 22:54:35,786 - __main__ - INFO -   Second most: 'car' (2685 occurrences)
2025-03-01 22:54:35,786 - __main__ - INFO -   Adding 7 duplicates of 'person' (won't change ranking)
2025-03-01 22:54:35,866 - __main__ - INFO - Location 22 - Before duplication:
2025-03-01 22:54:35,866 - __main__ - INFO -   Most common: 'person' (7657 occurrences)
2025-03-01 22:54:35,901 - __main__ - INFO -   Second most: 'car' (2731 occurrences)
2025-03-01 22:54:35,901 - __main__ - INFO -   Adding 20 duplicates of 'person' (won't change ranking)
2025-03-01 22:54:35,972 - __main__ - INFO - Location 23 - Before duplication:
2025-03-01 22:54:35,973 - __main__ - INFO -   Most common: 'person' (7624 occurrences)
2025-03-01 22:54:35,973 - __main__ - INFO -   Second most: 'car' (2735 occurrences)
2025-03-01 22:54:35,973 - __main__ - INFO -   Adding 11 duplicates of 'person' (won't change ranking)
2025-03-01 22:54:36,039 - __main__ - INFO - Location 24 - Before duplication:
2025-03-01 22:54:36,039 - __main__ - INFO -   Most common: 'person' (7691 occurrences)
2025-03-01 22:54:36,039 - __main__ - INFO -   Second most: 'car' (2760 occurrences)
2025-03-01 22:54:36,039 - __main__ - INFO -   Adding 12 duplicates of 'person' (won't change ranking)
2025-03-01 22:54:36,102 - __main__ - INFO - Location 25 - Before duplication:
2025-03-01 22:54:36,102 - __main__ - INFO -   Most common: 'person' (7641 occurrences)
2025-03-01 22:54:36,102 - __main__ - INFO -   Second most: 'car' (2712 occurrences)
2025-03-01 22:54:36,102 - __main__ - INFO -   Adding 12 duplicates of 'person' (won't change ranking)
2025-03-01 22:54:36,165 - __main__ - INFO - Location 26 - Before duplication:
2025-03-01 22:54:36,166 - __main__ - INFO -   Most common: 'person' (7560 occurrences)
2025-03-01 22:54:36,166 - __main__ - INFO -   Second most: 'car' (2690 occurrences)
2025-03-01 22:54:36,166 - __main__ - INFO -   Adding 15 duplicates of 'person' (won't change ranking)
2025-03-01 22:54:36,227 - __main__ - INFO - Location 27 - Before duplication:
2025-03-01 22:54:36,228 - __main__ - INFO -   Most common: 'person' (7625 occurrences)
2025-03-01 22:54:36,228 - __main__ - INFO -   Second most: 'car' (2772 occurrences)
2025-03-01 22:54:36,228 - __main__ - INFO -   Adding 13 duplicates of 'person' (won't change ranking)
2025-03-01 22:54:36,292 - __main__ - INFO - Location 28 - Before duplication:
2025-03-01 22:54:36,292 - __main__ - INFO -   Most common: 'person' (7786 occurrences)
2025-03-01 22:54:36,292 - __main__ - INFO -   Second most: 'car' (2728 occurrences)
2025-03-01 22:54:36,292 - __main__ - INFO -   Adding 6 duplicates of 'person' (won't change ranking)
2025-03-01 22:54:36,354 - __main__ - INFO - Location 29 - Before duplication:
2025-03-01 22:54:36,354 - __main__ - INFO -   Most common: 'person' (7574 occurrences)
2025-03-01 22:54:36,354 - __main__ - INFO -   Second most: 'car' (2762 occurrences)
2025-03-01 22:54:36,354 - __main__ - INFO -   Adding 20 duplicates of 'person' (won't change ranking)
2025-03-01 22:54:36,420 - __main__ - INFO - Location 30 - Before duplication:
2025-03-01 22:54:36,420 - __main__ - INFO -   Most common: 'person' (7585 occurrences)
2025-03-01 22:54:36,420 - __main__ - INFO -   Second most: 'car' (2812 occurrences)
2025-03-01 22:54:36,421 - __main__ - INFO -   Adding 6 duplicates of 'person' (won't change ranking)
2025-03-01 22:54:36,479 - __main__ - INFO - Location 31 - Before duplication:
2025-03-01 22:54:36,479 - __main__ - INFO -   Most common: 'person' (7784 occurrences)
2025-03-01 22:54:36,480 - __main__ - INFO -   Second most: 'car' (2713 occurrences)
2025-03-01 22:54:36,480 - __main__ - INFO -   Adding 8 duplicates of 'person' (won't change ranking)
2025-03-01 22:54:36,545 - __main__ - INFO - Location 32 - Before duplication:
2025-03-01 22:54:36,546 - __main__ - INFO -   Most common: 'person' (7774 occurrences)
2025-03-01 22:54:36,546 - __main__ - INFO -   Second most: 'car' (2626 occurrences)
2025-03-01 22:54:36,546 - __main__ - INFO -   Adding 7 duplicates of 'person' (won't change ranking)
2025-03-01 22:54:36,608 - __main__ - INFO - Location 33 - Before duplication:
2025-03-01 22:54:36,608 - __main__ - INFO -   Most common: 'person' (7707 occurrences)
2025-03-01 22:54:36,608 - __main__ - INFO -   Second most: 'car' (2745 occurrences)
2025-03-01 22:54:36,608 - __main__ - INFO -   Adding 19 duplicates of 'person' (won't change ranking)
2025-03-01 22:54:36,678 - __main__ - INFO - Location 34 - Before duplication:
2025-03-01 22:54:36,678 - __main__ - INFO -   Most common: 'person' (7740 occurrences)
2025-03-01 22:54:36,678 - __main__ - INFO -   Second most: 'car' (2701 occurrences)
2025-03-01 22:54:36,679 - __main__ - INFO -   Adding 11 duplicates of 'person' (won't change ranking)
2025-03-01 22:54:36,743 - __main__ - INFO - Location 35 - Before duplication:
2025-03-01 22:54:36,744 - __main__ - INFO -   Most common: 'person' (7665 occurrences)
2025-03-01 22:54:36,744 - __main__ - INFO -   Second most: 'car' (2739 occurrences)
2025-03-01 22:54:36,744 - __main__ - INFO -   Adding 19 duplicates of 'person' (won't change ranking)
2025-03-01 22:54:36,811 - __main__ - INFO - Location 36 - Before duplication:
2025-03-01 22:54:36,811 - __main__ - INFO -   Most common: 'person' (7653 occurrences)
2025-03-01 22:54:36,811 - __main__ - INFO -   Second most: 'car' (2733 occurrences)
2025-03-01 22:54:36,811 - __main__ - INFO -   Adding 11 duplicates of 'person' (won't change ranking)
2025-03-01 22:54:36,878 - __main__ - INFO - Location 37 - Before duplication:
2025-03-01 22:54:36,878 - __main__ - INFO -   Most common: 'person' (7723 occurrences)
2025-03-01 22:54:36,878 - __main__ - INFO -   Second most: 'car' (2611 occurrences)
2025-03-01 22:54:36,878 - __main__ - INFO -   Adding 19 duplicates of 'person' (won't change ranking)
2025-03-01 22:54:36,943 - __main__ - INFO - Location 38 - Before duplication:
2025-03-01 22:54:36,944 - __main__ - INFO -   Most common: 'person' (7520 occurrences)
2025-03-01 22:54:36,944 - __main__ - INFO -   Second most: 'car' (2774 occurrences)
2025-03-01 22:54:36,944 - __main__ - INFO -   Adding 7 duplicates of 'person' (won't change ranking)
2025-03-01 22:54:37,003 - __main__ - INFO - Location 39 - Before duplication:
2025-03-01 22:54:37,003 - __main__ - INFO -   Most common: 'person' (7648 occurrences)
2025-03-01 22:54:37,003 - __main__ - INFO -   Second most: 'car' (2744 occurrences)
2025-03-01 22:54:37,003 - __main__ - INFO -   Adding 12 duplicates of 'person' (won't change ranking)
2025-03-01 22:54:37,064 - __main__ - INFO - Location 40 - Before duplication:
2025-03-01 22:54:37,064 - __main__ - INFO -   Most common: 'person' (7837 occurrences)
2025-03-01 22:54:37,064 - __main__ - INFO -   Second most: 'car' (2698 occurrences)
2025-03-01 22:54:37,064 - __main__ - INFO -   Adding 18 duplicates of 'person' (won't change ranking)
2025-03-01 22:54:37,129 - __main__ - INFO - Location 41 - Before duplication:
2025-03-01 22:54:37,129 - __main__ - INFO -   Most common: 'person' (7630 occurrences)
2025-03-01 22:54:37,129 - __main__ - INFO -   Second most: 'car' (2723 occurrences)
2025-03-01 22:54:37,129 - __main__ - INFO -   Adding 13 duplicates of 'person' (won't change ranking)
2025-03-01 22:54:37,220 - __main__ - INFO - Location 42 - Before duplication:
2025-03-01 22:54:37,220 - __main__ - INFO -   Most common: 'person' (38252 occurrences)
2025-03-01 22:54:37,220 - __main__ - INFO -   Second most: 'car' (13456 occurrences)
2025-03-01 22:54:37,220 - __main__ - INFO -   Adding 12 duplicates of 'person' (won't change ranking)
2025-03-01 22:54:37,304 - __main__ - INFO - Location 43 - Before duplication:
2025-03-01 22:54:37,305 - __main__ - INFO -   Most common: 'person' (7618 occurrences)
2025-03-01 22:54:37,305 - __main__ - INFO -   Second most: 'car' (2615 occurrences)
2025-03-01 22:54:37,305 - __main__ - INFO -   Adding 19 duplicates of 'person' (won't change ranking)
2025-03-01 22:54:37,374 - __main__ - INFO - Location 44 - Before duplication:
2025-03-01 22:54:37,374 - __main__ - INFO -   Most common: 'person' (7675 occurrences)
2025-03-01 22:54:37,375 - __main__ - INFO -   Second most: 'car' (2709 occurrences)
2025-03-01 22:54:37,375 - __main__ - INFO -   Adding 13 duplicates of 'person' (won't change ranking)
2025-03-01 22:54:37,434 - __main__ - INFO - Location 45 - Before duplication:
2025-03-01 22:54:37,434 - __main__ - INFO -   Most common: 'person' (7599 occurrences)
2025-03-01 22:54:37,434 - __main__ - INFO -   Second most: 'car' (2623 occurrences)
2025-03-01 22:54:37,434 - __main__ - INFO -   Adding 9 duplicates of 'person' (won't change ranking)
2025-03-01 22:54:37,499 - __main__ - INFO - Location 46 - Before duplication:
2025-03-01 22:54:37,500 - __main__ - INFO -   Most common: 'person' (7711 occurrences)
2025-03-01 22:54:37,500 - __main__ - INFO -   Second most: 'car' (2769 occurrences)
2025-03-01 22:54:37,500 - __main__ - INFO -   Adding 5 duplicates of 'person' (won't change ranking)
2025-03-01 22:54:37,563 - __main__ - INFO - Location 47 - Before duplication:
2025-03-01 22:54:37,563 - __main__ - INFO -   Most common: 'person' (7689 occurrences)
2025-03-01 22:54:37,563 - __main__ - INFO -   Second most: 'car' (2803 occurrences)
2025-03-01 22:54:37,563 - __main__ - INFO -   Adding 15 duplicates of 'person' (won't change ranking)
2025-03-01 22:54:37,626 - __main__ - INFO - Location 48 - Before duplication:
2025-03-01 22:54:37,626 - __main__ - INFO -   Most common: 'person' (7715 occurrences)
2025-03-01 22:54:37,626 - __main__ - INFO -   Second most: 'car' (2728 occurrences)
2025-03-01 22:54:37,626 - __main__ - INFO -   Adding 9 duplicates of 'person' (won't change ranking)
2025-03-01 22:54:37,687 - __main__ - INFO - Location 49 - Before duplication:
2025-03-01 22:54:37,687 - __main__ - INFO -   Most common: 'person' (7644 occurrences)
2025-03-01 22:54:37,687 - __main__ - INFO -   Second most: 'car' (2710 occurrences)
2025-03-01 22:54:37,687 - __main__ - INFO -   Adding 6 duplicates of 'person' (won't change ranking)
2025-03-01 22:54:37,747 - __main__ - INFO - Location 50 - Before duplication:
2025-03-01 22:54:37,747 - __main__ - INFO -   Most common: 'person' (7632 occurrences)
2025-03-01 22:54:37,747 - __main__ - INFO -   Second most: 'car' (2650 occurrences)
2025-03-01 22:54:37,748 - __main__ - INFO -   Adding 10 duplicates of 'person' (won't change ranking)
2025-03-01 22:54:38,619 - __main__ - INFO - Saved 1010787 rows to /home/laptop-linux-26feb/Desktop/utopia_generate_sample_data/generate_sample_data/output/camera_detection_events.parquet
2025-03-01 22:54:38,634 - __main__ - INFO - Calculating rankings (counting duplicates)
2025-03-01 22:54:39,049 - __main__ - INFO - Saved 500 rows to /home/laptop-linux-26feb/Desktop/utopia_generate_sample_data/generate_sample_data/output/post_duplication_rankings_duplications_counted.parquet
2025-03-01 22:54:39,049 - __main__ - INFO - Calculating rankings (ignoring duplicates)
2025-03-01 22:54:39,521 - __main__ - INFO - Saved 500 rows to /home/laptop-linux-26feb/Desktop/utopia_generate_sample_data/generate_sample_data/output/post_duplication_rankings_duplications_not_counted.parquet
2025-03-01 22:54:39,521 - __main__ - INFO - Generating human-readable rankings dataset
2025-03-01 22:54:39,526 - __main__ - INFO - Saved 500 rows to /home/laptop-linux-26feb/Desktop/utopia_generate_sample_data/generate_sample_data/output/human_readable_rankings.parquet
2025-03-01 22:54:39,526 - __main__ - INFO - Generated 10000 geographical locations
2025-03-01 22:54:39,526 - __main__ - INFO - Generated 1010787 detection events (including duplicates)
2025-03-01 22:54:39,564 - __main__ - INFO - Number of unique detection_oid values: 999974
2025-03-01 22:54:39,564 - __main__ - INFO - Files generated:
2025-03-01 22:54:39,564 - __main__ - INFO -   1. camera_detection_events.parquet (Dataset A)
2025-03-01 22:54:39,564 - __main__ - INFO -   2. geographical_locations.parquet (Dataset B)
2025-03-01 22:54:39,564 - __main__ - INFO -   3. pre_duplication_rankings.parquet
2025-03-01 22:54:39,564 - __main__ - INFO -   4. post_duplication_rankings_duplications_counted.parquet
2025-03-01 22:54:39,564 - __main__ - INFO -   5. post_duplication_rankings_duplications_not_counted.parquet
2025-03-01 22:54:39,564 - __main__ - INFO -   6. human_readable_rankings.parquet
2025-03-01 22:54:39,566 - __main__ - INFO - Final verification for location 10:
2025-03-01 22:54:39,566 - __main__ - INFO -   Pre-duplication top item: person
2025-03-01 22:54:39,566 - __main__ - INFO -   Post-duplication top item (duplications counted): car
2025-03-01 22:54:39,566 - __main__ - INFO -   Post-duplication top item (duplications not counted): person
2025-03-01 22:54:39,566 - __main__ - INFO -   SUCCESS: Duplication changed ranking as expected
2025-03-01 22:54:39,567 - __main__ - INFO -   Counts:
2025-03-01 22:54:39,567 - __main__ - INFO -     'car' (with duplications): 7804
2025-03-01 22:54:39,567 - __main__ - INFO -     'person' (without duplications): 7704
2025-03-01 22:54:39,568 - __main__ - INFO - Final verification for location 20:
2025-03-01 22:54:39,569 - __main__ - INFO -   Pre-duplication top item: person
2025-03-01 22:54:39,569 - __main__ - INFO -   Post-duplication top item (duplications counted): car
2025-03-01 22:54:39,569 - __main__ - INFO -   Post-duplication top item (duplications not counted): person
2025-03-01 22:54:39,569 - __main__ - INFO -   SUCCESS: Duplication changed ranking as expected
2025-03-01 22:54:39,570 - __main__ - INFO -   Counts:
2025-03-01 22:54:39,570 - __main__ - INFO -     'car' (with duplications): 7788
2025-03-01 22:54:39,570 - __main__ - INFO -     'person' (without duplications): 7688
2025-03-01 22:54:39,570 - __main__ - INFO - Data generation completed in 46.84 seconds
2025-03-01 22:54:39,570 - __main__ - INFO - All files have been saved to /home/laptop-linux-26feb/Desktop/utopia_generate_sample_data/generate_sample_data/output
2025-03-01 22:54:39,570 - __main__ - INFO - Log file has been saved to /home/laptop-linux-26feb/Desktop/utopia_generate_sample_data/generate_sample_data/output/data_generation.log
2025-03-01 22:54:39,570 - __main__ - INFO - ================================================================================
